<testsuites id="" name="" tests="3" failures="0" skipped="0" errors="2" time="95.114474">
<testsuite name="negativeandedgecases.spec.ts" timestamp="2026-07-17T16:40:05.078Z" hostname="chromium" tests="3" failures="0" skipped="0" time="188.661" errors="2">
<testcase name="Flight booking regression and edge scenarios › shows a validation message for invalid credentials" classname="negativeandedgecases.spec.ts" time="5.808">
<system-out>
<![CDATA[
[[ATTACHMENT|..\test-results\negativeandedgecases-Fligh-7af65-age-for-invalid-credentials-chromium\test-finished-1.png]]

[[ATTACHMENT|..\test-results\negativeandedgecases-Fligh-7af65-age-for-invalid-credentials-chromium\video.webm]]

[[ATTACHMENT|..\test-results\negativeandedgecases-Fligh-7af65-age-for-invalid-credentials-chromium\trace.zip]]
]]>
</system-out>
</testcase>
<testcase name="Flight booking regression and edge scenarios › can navigate the calendar to a future month and select a date" classname="negativeandedgecases.spec.ts" time="91.418">
<system-out>
<![CDATA[
[[ATTACHMENT|..\test-results\negativeandedgecases-Fligh-bc514-ure-month-and-select-a-date-chromium\test-failed-1.png]]

[[ATTACHMENT|..\test-results\negativeandedgecases-Fligh-bc514-ure-month-and-select-a-date-chromium\video.webm]]

[[ATTACHMENT|..\test-results\negativeandedgecases-Fligh-bc514-ure-month-and-select-a-date-chromium\error-context.md]]

[[ATTACHMENT|..\test-results\negativeandedgecases-Fligh-bc514-ure-month-and-select-a-date-chromium\trace.zip]]
]]>
</system-out>
<error message="Test timeout of 90000ms exceeded." type="Error">
<![CDATA[  [chromium] › negativeandedgecases.spec.ts:11:7 › Flight booking regression and edge scenarios › can navigate the calendar to a future month and select a date 

    Test timeout of 90000ms exceeded.

    Error: locator.click: Target page, context or browser has been closed

       at ..\pages\flightSearchPage.ts:50

      48 |       }
      49 |
    > 50 |       await this.nextMonthButton().click();
         |                                    ^
      51 |     }
      52 |
      53 |     await this.departureDayButton(travelDay).click().catch(() => undefined);
        at FlightSearchPage.selectDepartureDate (C:\Users\304525\Documents\Final\SDET\Playwright_Final_Capstone\pages\flightSearchPage.ts:50:36)
        at C:\Users\304525\Documents\Final\SDET\Playwright_Final_Capstone\tests\negativeandedgecases.spec.ts:16:5

    attachment #1: screenshot (image/png) ──────────────────────────────────────────────────────────
    ..\artifacts\test-results\negativeandedgecases-Fligh-bc514-ure-month-and-select-a-date-chromium\test-failed-1.png
    ────────────────────────────────────────────────────────────────────────────────────────────────

    attachment #2: video (video/webm) ──────────────────────────────────────────────────────────────
    ..\artifacts\test-results\negativeandedgecases-Fligh-bc514-ure-month-and-select-a-date-chromium\video.webm
    ────────────────────────────────────────────────────────────────────────────────────────────────

    Error Context: ..\artifacts\test-results\negativeandedgecases-Fligh-bc514-ure-month-and-select-a-date-chromium\error-context.md

    attachment #4: trace (application/zip) ─────────────────────────────────────────────────────────
    ..\artifacts\test-results\negativeandedgecases-Fligh-bc514-ure-month-and-select-a-date-chromium\trace.zip
    Usage:

        npx playwright show-trace ..\artifacts\test-results\negativeandedgecases-Fligh-bc514-ure-month-and-select-a-date-chromium\trace.zip

    ────────────────────────────────────────────────────────────────────────────────────────────────
]]>
</error>
</testcase>
<testcase name="Flight booking regression and edge scenarios › shows no flights for the selected no-results date" classname="negativeandedgecases.spec.ts" time="91.435">
<system-out>
<![CDATA[
[[ATTACHMENT|..\test-results\negativeandedgecases-Fligh-f80e8-he-selected-no-results-date-chromium\test-failed-1.png]]

[[ATTACHMENT|..\test-results\negativeandedgecases-Fligh-f80e8-he-selected-no-results-date-chromium\video.webm]]

[[ATTACHMENT|..\test-results\negativeandedgecases-Fligh-f80e8-he-selected-no-results-date-chromium\error-context.md]]

[[ATTACHMENT|..\test-results\negativeandedgecases-Fligh-f80e8-he-selected-no-results-date-chromium\trace.zip]]
]]>
</system-out>
<error message="Test timeout of 90000ms exceeded." type="Error">
<![CDATA[  [chromium] › negativeandedgecases.spec.ts:22:7 › Flight booking regression and edge scenarios › shows no flights for the selected no-results date 

    Test timeout of 90000ms exceeded.

    Error: expect(locator).not.toBeVisible() failed

    Locator:  locator('article, .flight-card, .result-card, tr').filter({ hasText: 'Vistara UK-174' }).first()
    Expected: not visible
    Received: visible


      28 |     await appPages.flightSearch.search();
      29 |
    > 30 |     await expect(appPages.flightResults.flight('Vistara UK-174')).not.toBeVisible();
         |                                                                       ^
      31 |   });
      32 | });
      33 |
        at C:\Users\304525\Documents\Final\SDET\Playwright_Final_Capstone\tests\negativeandedgecases.spec.ts:30:71

    attachment #1: screenshot (image/png) ──────────────────────────────────────────────────────────
    ..\artifacts\test-results\negativeandedgecases-Fligh-f80e8-he-selected-no-results-date-chromium\test-failed-1.png
    ────────────────────────────────────────────────────────────────────────────────────────────────

    attachment #2: video (video/webm) ──────────────────────────────────────────────────────────────
    ..\artifacts\test-results\negativeandedgecases-Fligh-f80e8-he-selected-no-results-date-chromium\video.webm
    ────────────────────────────────────────────────────────────────────────────────────────────────

    Error Context: ..\artifacts\test-results\negativeandedgecases-Fligh-f80e8-he-selected-no-results-date-chromium\error-context.md

    attachment #4: trace (application/zip) ─────────────────────────────────────────────────────────
    ..\artifacts\test-results\negativeandedgecases-Fligh-f80e8-he-selected-no-results-date-chromium\trace.zip
    Usage:

        npx playwright show-trace ..\artifacts\test-results\negativeandedgecases-Fligh-f80e8-he-selected-no-results-date-chromium\trace.zip

    ────────────────────────────────────────────────────────────────────────────────────────────────
]]>
</error>
</testcase>
</testsuite>
</testsuites>