<?xml version="1.0" encoding="UTF-8"?>
<testsuite xmlns:xsi="http://www.w3.org/2001/XMLSchema-instance" xsi:noNamespaceSchemaLocation="https://maven.apache.org/surefire/maven-surefire-plugin/xsd/surefire-test-report.xsd" version="3.0.2" name="com.ust.sdet.selenide.tests.ExerciseTest" time="7.383" tests="6" errors="0" skipped="0" failures="0" flakes="0">
  <properties>
[...]
</properties>
  <testcase name="filterTest" classname="com.ust.sdet.selenide.tests.ExerciseTest" time="4.6">
    <system-err><![CDATA[[main] INFO com.codeborne.selenide.WebDriverThreadLocalContainer - No webdriver is bound to current thread: 1 - let's create a new webdriver
[main] INFO com.codeborne.selenide.webdriver.WebDriverFactory - Selenide 7.16.2 / Selenium 4.45.0 / chrome 149.0.7827.201 windows
]]></system-err>
  </testcase>
  <testcase name="searchTest" classname="com.ust.sdet.selenide.tests.ExerciseTest" time="0.575"/>
  <testcase name="assertCollections" classname="com.ust.sdet.selenide.tests.ExerciseTest" time="0.54"/>
  <testcase name="searchNoResults" classname="com.ust.sdet.selenide.tests.ExerciseTest" time="0.481"/>
  <testcase name="firstItem" classname="com.ust.sdet.selenide.tests.ExerciseTest" time="0.727"/>
  <testcase name="searchUsingPage" classname="com.ust.sdet.selenide.tests.ExerciseTest" time="0.43"/>
</testsuite>