<?xml version="1.0" encoding="UTF-8"?>
<testsuite xmlns:xsi="http://www.w3.org/2001/XMLSchema-instance" xsi:noNamespaceSchemaLocation="https://maven.apache.org/surefire/maven-surefire-plugin/xsd/surefire-test-report.xsd" version="3.0.2" name="com.example.contract.oms.OmsProviderVerification" time="1.069" tests="1" errors="1" skipped="0" failures="0" flakes="0">
  <properties>
[...]
</properties>
  <testcase name="verify(PactVerificationContext)" classname="com.example.contract.oms.OmsProviderVerification" time="1.057">
    <error message="You must register at least one TestTemplateInvocationContextProvider that supports @TestTemplate method [void com.example.contract.oms.OmsProviderVerification.verify(au.com.dius.pact.provider.junit5.PactVerificationContext)]" type="org.junit.platform.commons.PreconditionViolationException"><![CDATA[org.junit.platform.commons.PreconditionViolationException: You must register at least one TestTemplateInvocationContextProvider that supports @TestTemplate method [void com.example.contract.oms.OmsProviderVerification.verify(au.com.dius.pact.provider.junit5.PactVerificationContext)]
	at java.base/java.util.ArrayList.forEach(Unknown Source)
	at java.base/java.util.ArrayList.forEach(Unknown Source)
]]></error>
    <system-err><![CDATA[[main] INFO org.eclipse.jetty.server.Server - jetty-11.0.26; built: 2025-08-14T18:03:14.457Z; git: 7559873b6e46eea7c2c6da2b58327ea2ecf941f4; jvm 22.0.2+9-adhoc.Administrator.jdk22u
[main] INFO org.eclipse.jetty.server.handler.ContextHandler - Started o.e.j.s.ServletContextHandler@10fbbdb{/__admin,null,AVAILABLE}
[main] INFO org.eclipse.jetty.server.handler.ContextHandler.ROOT - RequestHandlerClass from context returned com.github.tomakehurst.wiremock.http.StubRequestHandler. Normalized mapped under returned 'null'
[main] INFO org.eclipse.jetty.server.handler.ContextHandler - Started o.e.j.s.ServletContextHandler@64f16277{/,null,AVAILABLE}
[main] INFO org.eclipse.jetty.server.AbstractConnector - Started NetworkTrafficServerConnector@1ab6718{HTTP/1.1, (http/1.1, h2c)}{0.0.0.0:4010}
[main] INFO org.eclipse.jetty.server.Server - Started Server@49c8f6e8{STARTING}[11.0.26,sto=1000] @1655ms
]]></system-err>
  </testcase>
</testsuite>