<testsuites id="" name="" tests="1" failures="0" skipped="0" errors="0" time="10.543952">
<testsuite name="booking.spec.ts" timestamp="2026-07-18T06:58:16.831Z" hostname="Google Chrome" tests="1" failures="0" skipped="0" time="6.577" errors="0">
<testcase name="TripStack Flight Booking › Book Flight Successfully" classname="booking.spec.ts" time="6.577">
<system-out>
<![CDATA[Available seats: [33m113[39m
Selected seat index: [33m46[39m
Seat selected successfully
PNR : TS-1015-0059

[[ATTACHMENT|..\test-results\booking-TripStack-Flight-Booking-Book-Flight-Successfully-Google-Chrome\test-finished-1.png]]

[[ATTACHMENT|..\test-results\booking-TripStack-Flight-Booking-Book-Flight-Successfully-Google-Chrome\video.webm]]

[[ATTACHMENT|..\test-results\booking-TripStack-Flight-Booking-Book-Flight-Successfully-Google-Chrome\trace.zip]]
]]>
</system-out>
</testcase>
</testsuite>
</testsuites>