<?xml version="1.0" encoding="UTF-8"?>
<testsuite name="data.BuilderStructureTest" tests="4" skipped="0" failures="0" errors="0" timestamp="2026-07-08T16:18:54.007Z" hostname="5CG2223YFP" time="0.034">
  <properties/>
  <testcase name="builderUsesSensibleDefaults()" classname="data.BuilderStructureTest" time="0.027"/>
  <testcase name="invalidBuilderDataFailsBeforeDatabaseSetup()" classname="data.BuilderStructureTest" time="0.002"/>
  <testcase name="builderStatesOnlyWhatTestCaresAbout()" classname="data.BuilderStructureTest" time="0.001"/>
  <testcase name="refundedBuilderCreatesRefundedOrder()" classname="data.BuilderStructureTest" time="0.001"/>
  <system-out><![CDATA[]]></system-out>
  <system-err><![CDATA[]]></system-err>
</testsuite>
