<?xml version="1.0" encoding="UTF-8"?>
<testsuite xmlns:xsi="http://www.w3.org/2001/XMLSchema-instance" xsi:noNamespaceSchemaLocation="https://maven.apache.org/surefire/maven-surefire-plugin/xsd/surefire-test-report.xsd" version="3.0.2" name="com.week_2_gate_2.apiframework.test.StatusCodeCheckTest" time="0.259" tests="4" errors="0" skipped="0" failures="0" flakes="0">
  <properties>
[...]
</properties>
  <testcase name="wrongRole_is403" classname="com.week_2_gate_2.apiframework.test.StatusCodeCheckTest" time="0.025"/>
  <testcase name="notyloginpost_401" classname="com.week_2_gate_2.apiframework.test.StatusCodeCheckTest" time="0.049"/>
  <testcase name="shipedProductAllocate_409" classname="com.week_2_gate_2.apiframework.test.StatusCodeCheckTest" time="0.1"/>
  <testcase name="cartCheck" classname="com.week_2_gate_2.apiframework.test.StatusCodeCheckTest" time="0.017"/>
</testsuite>