<?xml version="1.0" encoding="UTF-8"?>
<testsuite xmlns:xsi="http://www.w3.org/2001/XMLSchema-instance" xsi:noNamespaceSchemaLocation="https://maven.apache.org/surefire/maven-surefire-plugin/xsd/surefire-test-report-3.0.xsd" version="3.0" name="tests.PetstoreApiTests" time="7.685" tests="5" errors="0" skipped="0" failures="0">
  <properties>
[...]
</properties>
  <testcase name="getSinglePet" classname="tests.PetstoreApiTests" time="4.739"/>
  <testcase name="validateResponseTime" classname="tests.PetstoreApiTests" time="0.479"/>
  <testcase name="createPet" classname="tests.PetstoreApiTests" time="1.119"/>
  <testcase name="validateHeaders" classname="tests.PetstoreApiTests" time="0.482"/>
  <testcase name="findPetByStatus" classname="tests.PetstoreApiTests" time="0.825"/>
</testsuite>